[debug] [2026-04-14T01:46:16.876Z] ----------------------------------------------------------------------
[debug] [2026-04-14T01:46:16.881Z] Command:       C:\Program Files\nodejs\node.exe C:\Users\saika\AppData\Local\npm-cache\_npx\ba4f1959e38407b5\node_modules\firebase-tools\lib\bin\firebase.js serve --only hosting
[debug] [2026-04-14T01:46:16.881Z] CLI Version:   15.14.0
[debug] [2026-04-14T01:46:16.882Z] Platform:      win32
[debug] [2026-04-14T01:46:16.882Z] Node Version:  v22.18.0
[debug] [2026-04-14T01:46:16.882Z] Time:          Tue Apr 14 2026 11:46:16 GMT+1000 (Australian Eastern Standard Time)
[debug] [2026-04-14T01:46:16.882Z] ----------------------------------------------------------------------
[debug] 
[debug] [2026-04-14T01:46:18.627Z] > command requires scopes: ["email","openid","https://www.googleapis.com/auth/cloudplatformprojects.readonly","https://www.googleapis.com/auth/firebase","https://www.googleapis.com/auth/cloud-platform"]
[debug] [2026-04-14T01:46:18.628Z] > authorizing via signed-in user (saikat351h@gmail.com)
[debug] [2026-04-14T01:46:18.628Z] [iam] checking project fone2cash-prod-2026 for permissions ["firebase.projects.get"]
[debug] [2026-04-14T01:46:18.629Z] Checked if tokens are valid: true, expires at: 1776133846798
[debug] [2026-04-14T01:46:18.629Z] Checked if tokens are valid: true, expires at: 1776133846798
[debug] [2026-04-14T01:46:18.630Z] >>> [apiv2][query] POST https://cloudresourcemanager.googleapis.com/v1/projects/fone2cash-prod-2026:testIamPermissions [none]
[debug] [2026-04-14T01:46:18.630Z] >>> [apiv2][(partial)header] POST https://cloudresourcemanager.googleapis.com/v1/projects/fone2cash-prod-2026:testIamPermissions  x-goog-user-project=fone2cash-prod-2026
[debug] [2026-04-14T01:46:18.630Z] >>> [apiv2][body] POST https://cloudresourcemanager.googleapis.com/v1/projects/fone2cash-prod-2026:testIamPermissions {"permissions":["firebase.projects.get"]}
[debug] [2026-04-14T01:46:19.135Z] <<< [apiv2][status] POST https://cloudresourcemanager.googleapis.com/v1/projects/fone2cash-prod-2026:testIamPermissions 200
[debug] [2026-04-14T01:46:19.135Z] <<< [apiv2][body] POST https://cloudresourcemanager.googleapis.com/v1/projects/fone2cash-prod-2026:testIamPermissions {"permissions":["firebase.projects.get"]}
[debug] [2026-04-14T01:46:19.137Z] Checked if tokens are valid: true, expires at: 1776133846798
[debug] [2026-04-14T01:46:19.137Z] Checked if tokens are valid: true, expires at: 1776133846798
[debug] [2026-04-14T01:46:19.137Z] >>> [apiv2][query] GET https://cloudresourcemanager.googleapis.com/v1/projects/fone2cash-prod-2026 [none]
[debug] [2026-04-14T01:46:19.844Z] <<< [apiv2][status] GET https://cloudresourcemanager.googleapis.com/v1/projects/fone2cash-prod-2026 200
[debug] [2026-04-14T01:46:19.845Z] <<< [apiv2][body] GET https://cloudresourcemanager.googleapis.com/v1/projects/fone2cash-prod-2026 {"projectNumber":"44236096656","projectId":"fone2cash-prod-2026","lifecycleState":"ACTIVE","name":"Fone2Cash","labels":{"firebase":"enabled","firebase-core":"disabled"},"createTime":"2026-04-14T00:18:43.690Z"}
[debug] [2026-04-14T01:46:19.849Z] Checked if tokens are valid: true, expires at: 1776133846798
[debug] [2026-04-14T01:46:19.849Z] Checked if tokens are valid: true, expires at: 1776133846798
[debug] [2026-04-14T01:46:19.849Z] >>> [apiv2][query] GET https://firebasehosting.googleapis.com/v1beta1/projects/fone2cash-prod-2026/sites 
[debug] [2026-04-14T01:46:21.489Z] <<< [apiv2][status] GET https://firebasehosting.googleapis.com/v1beta1/projects/fone2cash-prod-2026/sites 200
[debug] [2026-04-14T01:46:21.489Z] <<< [apiv2][body] GET https://firebasehosting.googleapis.com/v1beta1/projects/fone2cash-prod-2026/sites {"sites":[{"name":"projects/fone2cash-prod-2026/sites/fone2cash-prod-2026","defaultUrl":"https://fone2cash-prod-2026.web.app","type":"DEFAULT_SITE"}]}
[debug] [2026-04-14T01:46:21.490Z] Checked if tokens are valid: true, expires at: 1776133846798
[debug] [2026-04-14T01:46:21.490Z] Checked if tokens are valid: true, expires at: 1776133846798
[debug] [2026-04-14T01:46:21.490Z] >>> [apiv2][query] GET https://firebase.googleapis.com/v1beta1/projects/fone2cash-prod-2026/webApps/-/config [none]
[debug] [2026-04-14T01:46:23.070Z] <<< [apiv2][status] GET https://firebase.googleapis.com/v1beta1/projects/fone2cash-prod-2026/webApps/-/config 200
[debug] [2026-04-14T01:46:23.070Z] <<< [apiv2][body] GET https://firebase.googleapis.com/v1beta1/projects/fone2cash-prod-2026/webApps/-/config {"projectId":"fone2cash-prod-2026","appId":"1:44236096656:web:3f9ec69f1fc0c63ce38415","storageBucket":"fone2cash-prod-2026.firebasestorage.app","apiKey":"AIzaSyCGjt3RsJgbRO7kAs3HS4VVoroo415rFuU","authDomain":"fone2cash-prod-2026.firebaseapp.com","messagingSenderId":"44236096656","projectNumber":"44236096656","version":"2"}
[debug] [2026-04-14T01:46:23.117Z] Checked if tokens are valid: true, expires at: 1776133846798
[debug] [2026-04-14T01:46:23.118Z] Checked if tokens are valid: true, expires at: 1776133846798
[debug] [2026-04-14T01:46:23.118Z] >>> [apiv2][query] GET https://firebase.googleapis.com/v1beta1/projects/fone2cash-prod-2026 [none]
[debug] [2026-04-14T01:46:23.531Z] <<< [apiv2][status] GET https://firebase.googleapis.com/v1beta1/projects/fone2cash-prod-2026 200
[debug] [2026-04-14T01:46:23.531Z] <<< [apiv2][body] GET https://firebase.googleapis.com/v1beta1/projects/fone2cash-prod-2026 {"projectId":"fone2cash-prod-2026","projectNumber":"44236096656","displayName":"Fone2Cash","name":"projects/fone2cash-prod-2026","resources":{"hostingSite":"fone2cash-prod-2026"},"state":"ACTIVE","etag":"1_063295a4-d310-48b0-9603-fa758a8fd5d4"}
[info] +  hosting[fone2cash-prod-2026]: Local server: http://localhost:5000 {"metadata":{"emulator":{"name":"hosting"},"message":"Local server: \u001b[4m\u001b[1mhttp://localhost:5000\u001b[22m\u001b[24m"}}
